c:\users\isaac\onedrive\documents\github\project1\project1\debug\vc141.pdb
c:\users\isaac\onedrive\documents\github\project1\project1\debug\vc141.idb
c:\users\isaac\onedrive\documents\github\project1\project1\debug\source.obj
c:\users\isaac\onedrive\documents\github\project1\project1\debug\menu.obj
c:\users\isaac\onedrive\documents\github\project1\debug\pacman.ilk
c:\users\isaac\onedrive\documents\github\project1\debug\pacman.exe
c:\users\isaac\onedrive\documents\github\project1\debug\pacman.pdb
c:\users\isaac\onedrive\documents\github\pacman\project1\debug\menu.obj
c:\users\isaac\onedrive\documents\github\pacman\project1\debug\source.obj
c:\users\isaac\onedrive\documents\github\pacman\project1\debug\vc141.idb
c:\users\isaac\onedrive\documents\github\pacman\project1\debug\vc141.pdb
c:\users\isaac\onedrive\documents\github\pacman\debug\pacman.pdb
c:\users\isaac\onedrive\documents\github\pacman\debug\pacman.exe
c:\users\isaac\onedrive\documents\github\pacman\debug\pacman.ilk
c:\users\isaac\onedrive\documents\github\pacman\project1\debug\pacman.tlog\cl.command.1.tlog
c:\users\isaac\onedrive\documents\github\pacman\project1\debug\pacman.tlog\cl.read.1.tlog
c:\users\isaac\onedrive\documents\github\pacman\project1\debug\pacman.tlog\cl.write.1.tlog
c:\users\isaac\onedrive\documents\github\pacman\project1\debug\pacman.tlog\link.command.1.tlog
c:\users\isaac\onedrive\documents\github\pacman\project1\debug\pacman.tlog\link.read.1.tlog
c:\users\isaac\onedrive\documents\github\pacman\project1\debug\pacman.tlog\link.write.1.tlog
