C:\Program Files (x86)\Microsoft Visual Studio\2019\Community\MSBuild\Microsoft\VC\v160\Microsoft.CppBuild.targets(411,5): warning MSB8028: The intermediate directory (Debug\) contains files shared from another project (Project1.vcxproj).  This can lead to incorrect clean and rebuild behavior.
  Source.cpp
C:\Users\isaac\OneDrive\Documents\GitHub\PacMan\Project1\Source.cpp(127): warning C4244: 'argument': conversion from 'T' to 'float', possible loss of data
          with
          [
              T=unsigned int
          ]
C:\Users\isaac\OneDrive\Documents\GitHub\PacMan\Project1\Source.cpp(345): warning C4244: 'initializing': conversion from 'T' to 'int', possible loss of data
          with
          [
              T=float
          ]
C:\Users\isaac\OneDrive\Documents\GitHub\PacMan\Project1\Source.cpp(346): warning C4244: 'initializing': conversion from 'T' to 'int', possible loss of data
          with
          [
              T=float
          ]
C:\Users\isaac\OneDrive\Documents\GitHub\PacMan\Project1\Source.cpp(348): warning C4244: 'initializing': conversion from 'T' to 'int', possible loss of data
          with
          [
              T=float
          ]
C:\Users\isaac\OneDrive\Documents\GitHub\PacMan\Project1\Source.cpp(349): warning C4244: 'initializing': conversion from 'T' to 'int', possible loss of data
          with
          [
              T=float
          ]
C:\Users\isaac\OneDrive\Documents\GitHub\PacMan\Project1\Source.cpp(351): warning C4244: 'initializing': conversion from 'const T' to 'int', possible loss of data
          with
          [
              T=float
          ]
C:\Users\isaac\OneDrive\Documents\GitHub\PacMan\Project1\Source.cpp(358): warning C4244: 'argument': conversion from 'int' to 'float', possible loss of data
C:\Users\isaac\OneDrive\Documents\GitHub\PacMan\Project1\Source.cpp(366): warning C4244: 'argument': conversion from 'int' to 'float', possible loss of data
C:\Users\isaac\OneDrive\Documents\GitHub\PacMan\Project1\Source.cpp(381): warning C4244: 'argument': conversion from 'int' to 'float', possible loss of data
C:\Users\isaac\OneDrive\Documents\GitHub\PacMan\Project1\Source.cpp(396): warning C4244: 'initializing': conversion from 'T' to 'int', possible loss of data
          with
          [
              T=float
          ]
C:\Users\isaac\OneDrive\Documents\GitHub\PacMan\Project1\Source.cpp(400): warning C4244: 'argument': conversion from 'int' to 'float', possible loss of data
C:\Users\isaac\OneDrive\Documents\GitHub\PacMan\Project1\Source.cpp(407): warning C4244: 'argument': conversion from 'int' to 'float', possible loss of data
C:\Users\isaac\OneDrive\Documents\GitHub\PacMan\Project1\Source.cpp(420): warning C4244: 'argument': conversion from 'int' to 'float', possible loss of data
C:\Users\isaac\OneDrive\Documents\GitHub\PacMan\Project1\Source.cpp(553): warning C4244: 'argument': conversion from 'int' to 'float', possible loss of data
C:\Users\isaac\OneDrive\Documents\GitHub\PacMan\Project1\Source.cpp(560): warning C4244: 'argument': conversion from 'int' to 'float', possible loss of data
C:\Users\isaac\OneDrive\Documents\GitHub\PacMan\Project1\Source.cpp(566): warning C4244: 'argument': conversion from 'int' to 'float', possible loss of data
  Project1.vcxproj -> C:\Users\isaac\OneDrive\Documents\GitHub\PacMan\Debug\Pacman.exe
